FlujoCredito/app/build/outputs/logs/manifest-merger-debug-report.txt
-- Merging decision tree log ---
manifest
ADDED from src\main\AndroidManifest.xml:2:1-136:12
	package
		ADDED from src\main\AndroidManifest.xml:3:5-42
		INJECTED from src\main\AndroidManifest.xml
		INJECTED from src\main\AndroidManifest.xml
	android:versionName
		INJECTED from src\main\AndroidManifest.xml
		INJECTED from src\main\AndroidManifest.xml
	xmlns:android
		ADDED from src\main\AndroidManifest.xml:2:11-69
	android:versionCode
		INJECTED from src\main\AndroidManifest.xml
		INJECTED from src\main\AndroidManifest.xml
uses-permission#android.permission.INTERNET
ADDED from src\main\AndroidManifest.xml:6:5-67
	android:name
		ADDED from src\main\AndroidManifest.xml:6:22-64
uses-permission#android.permission.ACCESS_NETWORK_STATE
ADDED from src\main\AndroidManifest.xml:7:5-79
	android:name
		ADDED from src\main\AndroidManifest.xml:7:22-76
uses-permission#android.permission.CALL_PHONE
ADDED from src\main\AndroidManifest.xml:8:5-69
	android:name
		ADDED from src\main\AndroidManifest.xml:8:22-66
uses-permission#android.permission.AUTHENTICATE_ACCOUNTS
ADDED from src\main\AndroidManifest.xml:11:5-80
	android:name
		ADDED from src\main\AndroidManifest.xml:11:22-77
uses-permission#android.permission.WRITE_SYNC_SETTINGS
ADDED from src\main\AndroidManifest.xml:13:5-78
	android:name
		ADDED from src\main\AndroidManifest.xml:13:22-75
uses-permission#android.permission.READ_SYNC_SETTINGS
ADDED from src\main\AndroidManifest.xml:14:5-77
	android:name
		ADDED from src\main\AndroidManifest.xml:14:22-74
uses-permission#android.permission.READ_PHONE_STATE
ADDED from src\main\AndroidManifest.xml:15:5-75
	android:name
		ADDED from src\main\AndroidManifest.xml:15:22-72
uses-permission#android.permission.READ_SYNC_STATS
ADDED from src\main\AndroidManifest.xml:16:5-74
	android:name
		ADDED from src\main\AndroidManifest.xml:16:22-71
uses-permission#android.permission.GET_ACCOUNTS
ADDED from src\main\AndroidManifest.xml:17:5-71
	android:name
		ADDED from src\main\AndroidManifest.xml:17:22-68
uses-permission#android.permission.READ_PROFILE
ADDED from src\main\AndroidManifest.xml:18:5-71
	android:name
		ADDED from src\main\AndroidManifest.xml:18:22-68
uses-permission#android.permission.READ_CONTACTS
ADDED from src\main\AndroidManifest.xml:19:5-72
	android:name
		ADDED from src\main\AndroidManifest.xml:19:22-69
uses-permission#android.permission.ACCESS_FINE_LOCATION
ADDED from src\main\AndroidManifest.xml:26:5-79
	android:name
		ADDED from src\main\AndroidManifest.xml:26:22-76
application
ADDED from src\main\AndroidManifest.xml:28:5-134:19
MERGED from [com.android.support:cardview-v7:23.4.0] AndroidManifest.xml:22:5-20
MERGED from [com.android.support:design:23.4.0] AndroidManifest.xml:22:5-20
MERGED from [com.android.support:support-v4:23.4.0] AndroidManifest.xml:22:5-20
MERGED from [com.android.support:appcompat-v7:23.4.0] AndroidManifest.xml:25:5-20
MERGED from [com.android.support:animated-vector-drawable:23.4.0] AndroidManifest.xml:7:5-20
MERGED from [com.android.support:support-vector-drawable:23.4.0] AndroidManifest.xml:7:5-20
MERGED from [de.hdodenhof:circleimageview:2.0.0] AndroidManifest.xml:9:5-20
	android:label
		ADDED from src\main\AndroidManifest.xml:32:9-41
	android:supportsRtl
		ADDED from src\main\AndroidManifest.xml:33:9-35
	android:allowBackup
		ADDED from src\main\AndroidManifest.xml:30:9-35
	android:icon
		ADDED from src\main\AndroidManifest.xml:31:9-43
	android:theme
		ADDED from src\main\AndroidManifest.xml:34:9-50
	android:name
		ADDED from src\main\AndroidManifest.xml:29:9-68
activity#pe.com.cmacica.flujocredito.ViewModel.Seguridad.ActividadLogin
ADDED from src\main\AndroidManifest.xml:35:9-47:20
	android:screenOrientation
		ADDED from src\main\AndroidManifest.xml:37:13-49
	android:name
		ADDED from src\main\AndroidManifest.xml:36:13-63
intent-filter#android.intent.action.MAIN+android.intent.category.LAUNCHER
ADDED from src\main\AndroidManifest.xml:38:13-42:29
action#android.intent.action.MAIN
ADDED from src\main\AndroidManifest.xml:39:17-69
	android:name
		ADDED from src\main\AndroidManifest.xml:39:25-66
category#android.intent.category.LAUNCHER
ADDED from src\main\AndroidManifest.xml:41:17-77
	android:name
		ADDED from src\main\AndroidManifest.xml:41:27-74
meta-data#android.app.searchable
ADDED from src\main\AndroidManifest.xml:44:13-46:54
	android:resource
		ADDED from src\main\AndroidManifest.xml:46:17-51
	android:name
		ADDED from src\main\AndroidManifest.xml:45:17-54
activity#pe.com.cmacica.flujocredito.ViewModel.ActividadPrincipal
ADDED from src\main\AndroidManifest.xml:48:9-52:57
	android:screenOrientation
		ADDED from src\main\AndroidManifest.xml:51:13-49
	android:label
		ADDED from src\main\AndroidManifest.xml:50:13-45
	android:theme
		ADDED from src\main\AndroidManifest.xml:52:13-54
	android:name
		ADDED from src\main\AndroidManifest.xml:49:13-57
activity#pe.com.cmacica.flujocredito.ViewModel.PlanPago.ActividadDetallePlanPago
ADDED from src\main\AndroidManifest.xml:54:9-61:20
	android:screenOrientation
		ADDED from src\main\AndroidManifest.xml:58:13-49
	android:label
		ADDED from src\main\AndroidManifest.xml:56:13-46
	android:parentActivityName
		ADDED from src\main\AndroidManifest.xml:57:13-71
	android:theme
		ADDED from src\main\AndroidManifest.xml:59:13-66
	android:name
		ADDED from src\main\AndroidManifest.xml:55:13-72
activity#pe.com.cmacica.flujocredito.ViewModel.Digitacion.ActividadFteIgrDep
ADDED from src\main\AndroidManifest.xml:63:9-67:57
	android:screenOrientation
		ADDED from src\main\AndroidManifest.xml:66:13-49
	android:label
		ADDED from src\main\AndroidManifest.xml:65:13-44
	android:theme
		ADDED from src\main\AndroidManifest.xml:67:13-54
	android:name
		ADDED from src\main\AndroidManifest.xml:64:13-68
activity#pe.com.cmacica.flujocredito.ViewModel.Digitacion.ActividadFteIgrIndep
ADDED from src\main\AndroidManifest.xml:68:9-70:52
	android:screenOrientation
		ADDED from src\main\AndroidManifest.xml:70:13-49
	android:name
		ADDED from src\main\AndroidManifest.xml:69:13-70
provider#pe.com.cmacica.flujocredito.Repositorio.Mapeo.ProviderDbCmacIca
ADDED from src\main\AndroidManifest.xml:73:9-77:39
	android:authorities
		ADDED from src\main\AndroidManifest.xml:75:13-61
	android:syncable
		ADDED from src\main\AndroidManifest.xml:77:13-36
	android:exported
		ADDED from src\main\AndroidManifest.xml:76:13-36
	android:name
		ADDED from src\main\AndroidManifest.xml:74:13-64
service#pe.com.cmacica.flujocredito.Sync.ServicioAutenticacion
ADDED from src\main\AndroidManifest.xml:79:9-90:19
	android:enabled
		ADDED from src\main\AndroidManifest.xml:81:13-35
	android:exported
		ADDED from src\main\AndroidManifest.xml:82:13-36
	android:name
		ADDED from src\main\AndroidManifest.xml:80:13-55
intent-filter#android.accounts.AccountAuthenticator
ADDED from src\main\AndroidManifest.xml:83:13-85:29
action#android.accounts.AccountAuthenticator
ADDED from src\main\AndroidManifest.xml:84:17-80
	android:name
		ADDED from src\main\AndroidManifest.xml:84:25-77
meta-data#android.accounts.AccountAuthenticator
ADDED from src\main\AndroidManifest.xml:87:13-89:56
	android:resource
		ADDED from src\main\AndroidManifest.xml:89:17-53
	android:name
		ADDED from src\main\AndroidManifest.xml:88:17-69
service#pe.com.cmacica.flujocredito.Sync.ServicioSincronizacion
ADDED from src\main\AndroidManifest.xml:91:9-102:19
	android:enabled
		ADDED from src\main\AndroidManifest.xml:93:13-35
	android:exported
		ADDED from src\main\AndroidManifest.xml:94:13-36
	android:name
		ADDED from src\main\AndroidManifest.xml:92:13-56
intent-filter#android.content.SyncAdapter
ADDED from src\main\AndroidManifest.xml:95:13-97:29
action#android.content.SyncAdapter
ADDED from src\main\AndroidManifest.xml:96:17-70
	android:name
		ADDED from src\main\AndroidManifest.xml:96:25-67
meta-data#android.content.SyncAdapter
ADDED from src\main\AndroidManifest.xml:99:13-101:56
	android:resource
		ADDED from src\main\AndroidManifest.xml:101:17-53
	android:name
		ADDED from src\main\AndroidManifest.xml:100:17-59
service#pe.com.cmacica.flujocredito.Sync.Configuracion.PersonaProgressIntentService
ADDED from src\main\AndroidManifest.xml:103:9-105:40
	android:exported
		ADDED from src\main\AndroidManifest.xml:105:13-37
	android:name
		ADDED from src\main\AndroidManifest.xml:104:13-76
activity#pe.com.cmacica.flujocredito.ViewModel.General.ActividadBusquedaPersona
ADDED from src\main\AndroidManifest.xml:107:9-119:20
	android:screenOrientation
		ADDED from src\main\AndroidManifest.xml:110:13-49
	android:launchMode
		ADDED from src\main\AndroidManifest.xml:109:13-43
	android:theme
		ADDED from src\main\AndroidManifest.xml:111:13-50
	android:name
		ADDED from src\main\AndroidManifest.xml:108:13-71
intent-filter#android.intent.action.SEARCH
ADDED from src\main\AndroidManifest.xml:112:13-114:29
action#android.intent.action.SEARCH
ADDED from src\main\AndroidManifest.xml:113:17-71
	android:name
		ADDED from src\main\AndroidManifest.xml:113:25-68
activity#pe.com.cmacica.flujocredito.ViewModel.General.ActividadConfiguracion
ADDED from src\main\AndroidManifest.xml:120:9-123:53
	android:screenOrientation
		ADDED from src\main\AndroidManifest.xml:122:13-49
	android:theme
		ADDED from src\main\AndroidManifest.xml:123:13-50
	android:name
		ADDED from src\main\AndroidManifest.xml:121:13-69
activity#pe.com.cmacica.flujocredito.ViewModel.Calificacion.ActividadHistPlanPago
ADDED from src\main\AndroidManifest.xml:125:9-133:20
	android:screenOrientation
		ADDED from src\main\AndroidManifest.xml:128:13-49
	android:label
		ADDED from src\main\AndroidManifest.xml:127:13-76
	android:theme
		ADDED from src\main\AndroidManifest.xml:129:13-44
	android:name
		ADDED from src\main\AndroidManifest.xml:126:13-73
uses-sdk
INJECTED from src\main\AndroidManifest.xml reason: use-sdk injection requested
MERGED from [com.android.support:multidex:1.0.1] AndroidManifest.xml:18:5-42
MERGED from [com.android.support:cardview-v7:23.4.0] AndroidManifest.xml:20:5-43
MERGED from [com.android.support:design:23.4.0] AndroidManifest.xml:20:5-43
MERGED from [com.android.support:recyclerview-v7:23.4.0] AndroidManifest.xml:20:5-43
MERGED from [com.android.support:support-v4:23.4.0] AndroidManifest.xml:20:5-43
MERGED from [com.android.support:appcompat-v7:23.4.0] AndroidManifest.xml:21:5-23:78
MERGED from [com.android.support:animated-vector-drawable:23.4.0] AndroidManifest.xml:5:5-44
MERGED from [com.android.support:support-vector-drawable:23.4.0] AndroidManifest.xml:5:5-43
MERGED from [de.hdodenhof:circleimageview:2.0.0] AndroidManifest.xml:5:5-7:41
	tools:overrideLibrary
		ADDED from [com.android.support:appcompat-v7:23.4.0] AndroidManifest.xml:23:9-75
	android:targetSdkVersion
		INJECTED from src\main\AndroidManifest.xml
		INJECTED from src\main\AndroidManifest.xml
	android:minSdkVersion
		INJECTED from src\main\AndroidManifest.xml
		INJECTED from src\main\AndroidManifest.xml